<?xml version="1.0" encoding="UTF-8"?>
<testng-results ignored="0" total="1" passed="1" failed="0" skipped="0">
  <reporter-output>
  </reporter-output>
  <suite started-at="2024-11-08T19:22:28 IST" name="Default suite" finished-at="2024-11-08T19:22:31 IST" duration-ms="2782">
    <groups>
    </groups>
    <test started-at="2024-11-08T19:22:28 IST" name="Default test" finished-at="2024-11-08T19:22:31 IST" duration-ms="2782">
      <class name="com.example.restassured.day3.PathAndQueryParameters">
        <test-method signature="testQueryAndPathParameters()[pri:0, instance:com.example.restassured.day3.PathAndQueryParameters@1cbb87f3]" started-at="2024-11-08T19:22:28 IST" name="testQueryAndPathParameters" finished-at="2024-11-08T19:22:31 IST" duration-ms="2730" status="PASS">
          <reporter-output>
          </reporter-output>
        </test-method> <!-- testQueryAndPathParameters -->
      </class> <!-- com.example.restassured.day3.PathAndQueryParameters -->
    </test> <!-- Default test -->
  </suite> <!-- Default suite -->
</testng-results>
